[debug] [2024-10-12T03:40:10.723Z] ----------------------------------------------------------------------
[debug] [2024-10-12T03:40:10.726Z] Command:       C:\Program Files\nodejs\node.exe C:\Users\OmniBody\AppData\Roaming\npm\node_modules\firebase-tools\lib\bin\firebase.js deploy --except functions
[debug] [2024-10-12T03:40:10.726Z] CLI Version:   13.22.0
[debug] [2024-10-12T03:40:10.726Z] Platform:      win32
[debug] [2024-10-12T03:40:10.727Z] Node Version:  v20.11.0
[debug] [2024-10-12T03:40:10.727Z] Time:          Fri Oct 11 2024 22:40:10 GMT-0500 (Central Daylight Time)
[debug] [2024-10-12T03:40:10.727Z] ----------------------------------------------------------------------
[debug] 
[debug] [2024-10-12T03:40:10.794Z] > command requires scopes: ["email","openid","https://www.googleapis.com/auth/cloudplatformprojects.readonly","https://www.googleapis.com/auth/firebase","https://www.googleapis.com/auth/cloud-platform"]
[debug] [2024-10-12T03:40:10.794Z] > authorizing via signed-in user (luis29178@gmail.com)
[debug] [2024-10-12T03:40:10.794Z] [iam] checking project klw-financial for permissions ["datastore.indexes.create","datastore.indexes.delete","datastore.indexes.list","datastore.indexes.update","firebase.projects.get","firebasehosting.sites.update"]
[debug] [2024-10-12T03:40:10.796Z] Checked if tokens are valid: true, expires at: 1728707301004
[debug] [2024-10-12T03:40:10.796Z] Checked if tokens are valid: true, expires at: 1728707301004
[debug] [2024-10-12T03:40:10.797Z] >>> [apiv2][query] POST https://cloudresourcemanager.googleapis.com/v1/projects/klw-financial:testIamPermissions [none]
[debug] [2024-10-12T03:40:10.797Z] >>> [apiv2][(partial)header] POST https://cloudresourcemanager.googleapis.com/v1/projects/klw-financial:testIamPermissions x-goog-quota-user=projects/klw-financial
[debug] [2024-10-12T03:40:10.798Z] >>> [apiv2][body] POST https://cloudresourcemanager.googleapis.com/v1/projects/klw-financial:testIamPermissions {"permissions":["datastore.indexes.create","datastore.indexes.delete","datastore.indexes.list","datastore.indexes.update","firebase.projects.get","firebasehosting.sites.update"]}
[debug] [2024-10-12T03:40:32.934Z] *** [apiv2] error from fetch(https://cloudresourcemanager.googleapis.com/v1/projects/klw-financial:testIamPermissions, {"headers":{},"method":"POST","body":"{\"permissions\":[\"datastore.indexes.create\",\"datastore.indexes.delete\",\"datastore.indexes.list\",\"datastore.indexes.update\",\"firebase.projects.get\",\"firebasehosting.sites.update\"]}"}): FetchError: request to https://cloudresourcemanager.googleapis.com/v1/projects/klw-financial:testIamPermissions failed, reason: 
[debug] [2024-10-12T03:40:32.935Z] [iam] error while checking permissions, command may fail: FirebaseError: Failed to make request to https://cloudresourcemanager.googleapis.com/v1/projects/klw-financial:testIamPermissions
[debug] [2024-10-12T03:40:32.936Z] Checked if tokens are valid: true, expires at: 1728707301004
[debug] [2024-10-12T03:40:32.936Z] Checked if tokens are valid: true, expires at: 1728707301004
[debug] [2024-10-12T03:40:32.936Z] >>> [apiv2][query] GET https://firebase.googleapis.com/v1beta1/projects/klw-financial [none]
[debug] [2024-10-12T03:40:49.686Z] *** [apiv2] error from fetch(https://firebase.googleapis.com/v1beta1/projects/klw-financial, {"headers":{},"method":"GET","signal":{}}): FetchError: request to https://firebase.googleapis.com/v1beta1/projects/klw-financial failed, reason: 
[debug] [2024-10-12T03:40:49.686Z] Failed to make request to https://firebase.googleapis.com/v1beta1/projects/klw-financial (original: request to https://firebase.googleapis.com/v1beta1/projects/klw-financial failed, reason: )
[error] 
[error] Error: Assertion failed: resolving hosting target of a site with no site name or target name. This should have caused an error earlier
